Arguments: 
  C:\Program Files\nodejs\node.exe C:\Users\nia.mello_warren\AppData\Roaming\npm\node_modules\yarn\bin\yarn.js install --force

PATH: 
  C:\Windows\system32;C:\Windows;C:\Windows\System32\Wbem;C:\Windows\System32\WindowsPowerShell\v1.0\;C:\Windows\System32\OpenSSH\;C:\Program Files\Git\cmd;C:\Program Files\nodejs\;C:\Users\nia.mello_warren\AppData\Local\Microsoft\WindowsApps;C:\Users\nia.mello_warren\AppData\Local\Programs\Microsoft VS Code\bin;C:\Users\nia.mello_warren\AppData\Roaming\npm;C:\Users\nia.mello_warren\AppData\Local\GitHubDesktop\bin

Yarn version: 
  1.22.18

Node version: 
  16.14.2

Platform: 
  win32 x64

Trace: 
  Error: self signed certificate in certificate chain
      at TLSSocket.onConnectSecure (node:_tls_wrap:1530:34)
      at TLSSocket.emit (node:events:526:28)
      at TLSSocket._finishInit (node:_tls_wrap:944:8)
      at TLSWrap.ssl.onhandshakedone (node:_tls_wrap:725:12)

npm manifest: 
  {
    "name": "template",
    "version": "0.1.0",
    "private": true,
    "scripts": {
      "serve": "vue-cli-service serve",
      "build": "vue-cli-service build",
      "lint": "vue-cli-service lint"
    },
    "dependencies": {
      "axios": "^0.27.2",
      "core-js": "^3.6.5",
      "v-mask": "^2.3.0",
      "vue": "^2.6.11"
    },
    "devDependencies": {
      "@vue/cli-plugin-babel": "~4.5.15",
      "@vue/cli-plugin-eslint": "~4.5.15",
      "@vue/cli-service": "~4.5.15",
      "babel-eslint": "^10.1.0",
      "eslint": "^6.7.2",
      "eslint-plugin-vue": "^6.2.2",
      "vue-template-compiler": "^2.6.11"
    },
    "eslintConfig": {
      "root": true,
      "env": {
        "node": true
      },
      "extends": [
        "plugin:vue/essential",
        "eslint:recommended"
      ],
      "parserOptions": {
        "parser": "babel-eslint"
      },
      "rules": {}
    },
    "browserslist": [
      "> 1%",
      "last 2 versions",
      "not dead"
    ]
  }

yarn manifest: 
  No manifest

Lockfile: 
  No lockfile
